2025-02-18 12:45:10,207 - hyperparameters - INFO - Hyperparameter details
2025-02-18 12:45:10,207 - hyperparameters - INFO - Batch size: 32
2025-02-18 12:45:10,207 - hyperparameters - INFO - Number of workers: 4
2025-02-18 12:45:10,207 - hyperparameters - INFO - Learning rate: 0.1
2025-02-18 12:45:10,207 - hyperparameters - INFO - Dropout: 0.2
2025-02-18 12:45:10,207 - hyperparameters - INFO - Model used in Transfer Learning: mobilenet v2
2025-02-18 12:45:10,207 - hyperparameters - INFO - 
Classifier structure: 
nn.BatchNorm1d(last_channel),
nn.Dropout(p=DROPOUT),
nn.Linear(in_features=last_channel, out_features=n_quality_scores)


2025-03-12 19:28:27,702 - hyperparameters - INFO - Hyperparameter details
2025-03-12 19:28:27,702 - hyperparameters - INFO - Batch size: 32
2025-03-12 19:28:27,702 - hyperparameters - INFO - Number of workers: 4
2025-03-12 19:28:27,703 - hyperparameters - INFO - Learning rate: 0.1
2025-03-12 19:28:27,703 - hyperparameters - INFO - Dropout: 0.2
2025-03-12 19:28:27,703 - hyperparameters - INFO - Model used in Transfer Learning: mobilenet v2
2025-03-12 19:28:27,703 - hyperparameters - INFO - 
Classifier structure: 
nn.BatchNorm1d(last_channel),
nn.Dropout(p=DROPOUT),
nn.Linear(in_features=last_channel, out_features=n_quality_scores)


2025-03-12 19:28:34,347 - hyperparameters - INFO - Hyperparameter details
2025-03-12 19:28:34,347 - hyperparameters - INFO - Batch size: 32
2025-03-12 19:28:34,347 - hyperparameters - INFO - Number of workers: 4
2025-03-12 19:28:34,347 - hyperparameters - INFO - Learning rate: 0.1
2025-03-12 19:28:34,347 - hyperparameters - INFO - Dropout: 0.2
2025-03-12 19:28:34,347 - hyperparameters - INFO - Model used in Transfer Learning: mobilenet v2
2025-03-12 19:28:34,347 - hyperparameters - INFO - 
Classifier structure: 
nn.BatchNorm1d(last_channel),
nn.Dropout(p=DROPOUT),
nn.Linear(in_features=last_channel, out_features=n_quality_scores)


2025-03-12 19:32:17,311 - hyperparameters - INFO - Hyperparameter details
2025-03-12 19:32:17,311 - hyperparameters - INFO - Batch size: 32
2025-03-12 19:32:17,311 - hyperparameters - INFO - Number of workers: 4
2025-03-12 19:32:17,311 - hyperparameters - INFO - Learning rate: 0.1
2025-03-12 19:32:17,311 - hyperparameters - INFO - Dropout: 0.2
2025-03-12 19:32:17,311 - hyperparameters - INFO - Model used in Transfer Learning: mobilenet v2
2025-03-12 19:32:17,311 - hyperparameters - INFO - 
Classifier structure: 
nn.BatchNorm1d(last_channel),
nn.Dropout(p=DROPOUT),
nn.Linear(in_features=last_channel, out_features=n_quality_scores)


2025-03-12 19:32:50,619 - hyperparameters - INFO - Hyperparameter details
2025-03-12 19:32:50,619 - hyperparameters - INFO - Batch size: 32
2025-03-12 19:32:50,619 - hyperparameters - INFO - Number of workers: 4
2025-03-12 19:32:50,619 - hyperparameters - INFO - Learning rate: 0.1
2025-03-12 19:32:50,619 - hyperparameters - INFO - Dropout: 0.2
2025-03-12 19:32:50,619 - hyperparameters - INFO - Model used in Transfer Learning: mobilenet v2
2025-03-12 19:32:50,619 - hyperparameters - INFO - 
Classifier structure: 
nn.BatchNorm1d(last_channel),
nn.Dropout(p=DROPOUT),
nn.Linear(in_features=last_channel, out_features=n_quality_scores)


2025-03-12 19:35:31,198 - hyperparameters - INFO - Hyperparameter details
2025-03-12 19:35:31,198 - hyperparameters - INFO - Batch size: 32
2025-03-12 19:35:31,198 - hyperparameters - INFO - Number of workers: 4
2025-03-12 19:35:31,198 - hyperparameters - INFO - Learning rate: 0.1
2025-03-12 19:35:31,198 - hyperparameters - INFO - Dropout: 0.2
2025-03-12 19:35:31,198 - hyperparameters - INFO - Model used in Transfer Learning: mobilenet v2
2025-03-12 19:35:31,198 - hyperparameters - INFO - 
Classifier structure: 
nn.BatchNorm1d(last_channel),
nn.Dropout(p=DROPOUT),
nn.Linear(in_features=last_channel, out_features=n_quality_scores)


2025-03-12 19:38:46,986 - hyperparameters - INFO - Hyperparameter details
2025-03-12 19:38:46,986 - hyperparameters - INFO - Batch size: 32
2025-03-12 19:38:46,986 - hyperparameters - INFO - Number of workers: 4
2025-03-12 19:38:46,986 - hyperparameters - INFO - Learning rate: 0.1
2025-03-12 19:38:46,986 - hyperparameters - INFO - Dropout: 0.2
2025-03-12 19:38:46,986 - hyperparameters - INFO - Model used in Transfer Learning: mobilenet v2
2025-03-12 19:38:46,986 - hyperparameters - INFO - 
Classifier structure: 
nn.BatchNorm1d(last_channel),
nn.Dropout(p=DROPOUT),
nn.Linear(in_features=last_channel, out_features=n_quality_scores)


2025-03-12 19:39:33,733 - hyperparameters - INFO - Hyperparameter details
2025-03-12 19:39:33,733 - hyperparameters - INFO - Batch size: 32
2025-03-12 19:39:33,733 - hyperparameters - INFO - Number of workers: 4
2025-03-12 19:39:33,734 - hyperparameters - INFO - Learning rate: 0.1
2025-03-12 19:39:33,734 - hyperparameters - INFO - Dropout: 0.2
2025-03-12 19:39:33,734 - hyperparameters - INFO - Model used in Transfer Learning: mobilenet v2
2025-03-12 19:39:33,734 - hyperparameters - INFO - 
Classifier structure: 
nn.BatchNorm1d(last_channel),
nn.Dropout(p=DROPOUT),
nn.Linear(in_features=last_channel, out_features=n_quality_scores)


2025-03-12 19:40:11,339 - hyperparameters - INFO - Hyperparameter details
2025-03-12 19:40:11,340 - hyperparameters - INFO - Batch size: 32
2025-03-12 19:40:11,340 - hyperparameters - INFO - Number of workers: 4
2025-03-12 19:40:11,340 - hyperparameters - INFO - Learning rate: 0.1
2025-03-12 19:40:11,340 - hyperparameters - INFO - Dropout: 0.2
2025-03-12 19:40:11,340 - hyperparameters - INFO - Model used in Transfer Learning: mobilenet v2
2025-03-12 19:40:11,340 - hyperparameters - INFO - 
Classifier structure: 
nn.BatchNorm1d(last_channel),
nn.Dropout(p=DROPOUT),
nn.Linear(in_features=last_channel, out_features=n_quality_scores)


2025-03-12 19:44:14,917 - hyperparameters - INFO - Hyperparameter details
2025-03-12 19:44:14,917 - hyperparameters - INFO - Batch size: 32
2025-03-12 19:44:14,917 - hyperparameters - INFO - Number of workers: 4
2025-03-12 19:44:14,917 - hyperparameters - INFO - Learning rate: 0.1
2025-03-12 19:44:14,917 - hyperparameters - INFO - Dropout: 0.2
2025-03-12 19:44:14,917 - hyperparameters - INFO - Model used in Transfer Learning: mobilenet v2
2025-03-12 19:44:14,917 - hyperparameters - INFO - 
Classifier structure: 
nn.BatchNorm1d(last_channel),
nn.Dropout(p=DROPOUT),
nn.Linear(in_features=last_channel, out_features=n_quality_scores)


