2025-02-18 12:45:10,205 - train - INFO - 
Iteration 1
2025-02-18 12:46:52,441 - train - INFO - Epoch 1, loss: 11.755, accuracy: 18.858%
2025-02-18 12:47:18,613 - validation - INFO - epoch 1: Validation  loss: 2.283, accuracy: 18.682%
2025-02-18 12:49:12,340 - train - INFO - Epoch 2, loss: 2.27, accuracy: 19.759%
2025-02-18 12:49:37,090 - validation - INFO - epoch 2: Validation  loss: 1.978, accuracy: 18.553%
2025-02-18 12:49:37,416 - train - INFO - Saved checkpoint: training_resources\Iteration_1\checkpoints\checkpoint-epoch-2.pth
2025-02-18 12:49:37,418 - train - INFO - Took 267.212 seconds to train 2 epochs, which is 4.454 minutes
2025-03-12 19:28:27,656 - train - INFO - 
Iteration 1
2025-03-12 19:28:34,344 - train - INFO - 
Iteration 1
2025-03-12 19:32:17,307 - train - INFO - 
Iteration 1
2025-03-12 19:32:50,614 - train - INFO - 
Iteration 1
2025-03-12 19:35:31,194 - train - INFO - 
Iteration 1
2025-03-12 19:38:46,983 - train - INFO - 
Iteration 1
2025-03-12 19:39:33,731 - train - INFO - 
Iteration 1
2025-03-12 19:40:11,337 - train - INFO - 
Iteration 1
2025-03-12 19:44:14,914 - train - INFO - 
Iteration 1
2025-03-12 19:48:08,854 - train - INFO - Epoch 1, loss: 1.706, accuracy: 20.41%
2025-03-12 19:48:45,637 - validation - INFO - epoch 1: Validation  loss: 1.606, accuracy: 21.364%
2025-03-12 19:52:10,030 - train - INFO - Epoch 2, loss: 1.612, accuracy: 20.066%
2025-03-12 19:52:45,558 - validation - INFO - epoch 2: Validation  loss: 3.21, accuracy: 19.182%
2025-03-12 19:55:12,607 - train - INFO - Epoch 3, loss: 1.609, accuracy: 20.066%
2025-03-12 19:55:32,247 - validation - INFO - epoch 3: Validation  loss: 2.733, accuracy: 21.364%
2025-03-12 19:57:10,369 - train - INFO - Epoch 4, loss: 1.607, accuracy: 20.066%
2025-03-12 19:57:30,747 - validation - INFO - epoch 4: Validation  loss: 1.628, accuracy: 21.364%
2025-03-12 19:59:06,490 - train - INFO - Epoch 5, loss: 1.61, accuracy: 20.066%
2025-03-12 19:59:28,062 - validation - INFO - epoch 5: Validation  loss: 1.62, accuracy: 21.364%
2025-03-12 20:01:07,462 - train - INFO - Epoch 6, loss: 1.611, accuracy: 20.066%
2025-03-12 20:01:27,496 - validation - INFO - epoch 6: Validation  loss: 1.763, accuracy: 19.444%
2025-03-12 20:02:57,405 - train - INFO - Epoch 7, loss: 1.607, accuracy: 20.0%
2025-03-12 20:03:17,932 - validation - INFO - epoch 7: Validation  loss: 3.263, accuracy: 19.091%
2025-03-12 20:04:49,036 - train - INFO - Epoch 8, loss: 1.61, accuracy: 20.0%
2025-03-12 20:05:09,079 - validation - INFO - epoch 8: Validation  loss: 1.794, accuracy: 19.091%
2025-03-12 20:06:39,265 - train - INFO - Epoch 9, loss: 1.612, accuracy: 20.132%
2025-03-12 20:06:59,467 - validation - INFO - epoch 9: Validation  loss: 3.233, accuracy: 24.384%
2025-03-12 20:08:30,914 - train - INFO - Epoch 10, loss: 1.607, accuracy: 20.066%
2025-03-12 20:08:50,967 - validation - INFO - epoch 10: Validation  loss: 1.622, accuracy: 23.864%
2025-03-12 20:08:51,620 - train - INFO - Saved checkpoint: training_resources\Iteration_1\checkpoints\checkpoint-epoch-10.pth
2025-03-12 20:10:24,718 - train - INFO - Epoch 11, loss: 1.608, accuracy: 20.066%
2025-03-12 20:10:45,161 - validation - INFO - epoch 11: Validation  loss: 3.157, accuracy: 19.091%
2025-03-12 20:12:17,476 - train - INFO - Epoch 12, loss: 1.602, accuracy: 19.868%
2025-03-12 20:12:38,124 - validation - INFO - epoch 12: Validation  loss: 3.458, accuracy: 19.322%
2025-03-12 20:14:09,185 - train - INFO - Epoch 13, loss: 1.601, accuracy: 20.0%
2025-03-12 20:14:29,529 - validation - INFO - epoch 13: Validation  loss: 1.794, accuracy: 21.569%
2025-03-12 20:16:00,674 - train - INFO - Epoch 14, loss: 1.602, accuracy: 20.066%
2025-03-12 20:16:21,106 - validation - INFO - epoch 14: Validation  loss: 3.354, accuracy: 21.545%
2025-03-12 20:17:52,324 - train - INFO - Epoch 15, loss: 1.602, accuracy: 20.0%
2025-03-12 20:18:12,774 - validation - INFO - epoch 15: Validation  loss: 1.648, accuracy: 18.939%
2025-03-12 20:19:52,226 - train - INFO - Epoch 16, loss: 1.602, accuracy: 19.737%
2025-03-12 20:20:13,381 - validation - INFO - epoch 16: Validation  loss: 2.887, accuracy: 21.591%
2025-03-12 20:21:52,674 - train - INFO - Epoch 17, loss: 1.601, accuracy: 20.175%
2025-03-12 20:22:13,147 - validation - INFO - epoch 17: Validation  loss: 1.712, accuracy: 19.805%
